<?xml version="1.0" encoding="UTF-8"?>
<!-- Generated by org.testng.reporters.JUnitReportReporter -->
<testsuite hostname="DESKTOP-34UUCH5" failures="0" tests="1" name="test.AddCustomerTest" time="33.571" errors="0" timestamp="10 Jul 2024 02:50:02 GMT" skipped="0">
  <testcase classname="test.AddCustomerTest" name="userShouldBeAbleToCreateNewCustomer" time="33.571"/>
</testsuite> <!-- test.AddCustomerTest -->
